# JRE version: Java(TM) SE Runtime Environment (8.0_201-b09) (build 1.8.0_201-b09)
# Java VM: Java HotSpot(TM) 64-Bit Server VM (25.201-b09 mixed mode linux-amd64 compressed oops)
Heap:
 PSYoungGen      total 219136K, used 55637K [0x00000000ebf00000, 0x0000000100000000, 0x0000000100000000)
  eden space 109568K, 0% used [0x00000000ebf00000,0x00000000ebf00000,0x00000000f2a00000)
  from space 109568K, 50% used [0x00000000f9500000,0x00000000fcb55448,0x0000000100000000)
  to   space 109568K, 0% used [0x00000000f2a00000,0x00000000f2a00000,0x00000000f9500000)
 ParOldGen       total 566272K, used 565933K [0x00000000c3c00000, 0x00000000e6500000, 0x00000000ebf00000)
  object space 566272K, 99% used [0x00000000c3c00000,0x00000000e64ab550,0x00000000e6500000)
 Metaspace       used 3834K, capacity 5292K, committed 5504K, reserved 1056768K
  class space    used 464K, capacity 562K, committed 640K, reserved 1048576K
GC Heap History (10 events):
Event: 7,048 GC heap after
Heap after GC invocations=17 (full 4):
 PSYoungGen      total 174592K, used 52512K [0x00000000ebf00000, 0x00000000fed80000, 0x0000000100000000)
  eden space 65024K, 0% used [0x00000000ebf00000,0x00000000ebf00000,0x00000000efe80000)
  from space 109568K, 47% used [0x00000000efe80000,0x00000000f31c8000,0x00000000f6980000)
  to   space 109568K, 0% used [0x00000000f8280000,0x00000000f8280000,0x00000000fed80000)
 ParOldGen       total 383488K, used 382330K [0x00000000c3c00000, 0x00000000db280000, 0x00000000ebf00000)
  object space 383488K, 99% used [0x00000000c3c00000,0x00000000db15e8d0,0x00000000db280000)
 Metaspace       used 3826K, capacity 5292K, committed 5504K, reserved 1056768K
  class space    used 463K, capacity 562K, committed 640K, reserved 1048576K
}
Event: 7,048 GC heap before
{Heap before GC invocations=18 (full 5):
 PSYoungGen      total 174592K, used 52512K [0x00000000ebf00000, 0x00000000fed80000, 0x0000000100000000)
  eden space 65024K, 0% used [0x00000000ebf00000,0x00000000ebf00000,0x00000000efe80000)
  from space 109568K, 47% used [0x00000000efe80000,0x00000000f31c8000,0x00000000f6980000)
  to   space 109568K, 0% used [0x00000000f8280000,0x00000000f8280000,0x00000000fed80000)
 ParOldGen       total 383488K, used 382330K [0x00000000c3c00000, 0x00000000db280000, 0x00000000ebf00000)
  object space 383488K, 99% used [0x00000000c3c00000,0x00000000db15e8d0,0x00000000db280000)
 Metaspace       used 3826K, capacity 5292K, committed 5504K, reserved 1056768K
  class space    used 463K, capacity 562K, committed 640K, reserved 1048576K
Event: 10,103 GC heap after
Heap after GC invocations=18 (full 5):
 PSYoungGen      total 174592K, used 50902K [0x00000000ebf00000, 0x00000000fed80000, 0x0000000100000000)
  eden space 65024K, 0% used [0x00000000ebf00000,0x00000000ebf00000,0x00000000efe80000)
  from space 109568K, 46% used [0x00000000efe80000,0x00000000f3035958,0x00000000f6980000)
  to   space 109568K, 0% used [0x00000000f8280000,0x00000000f8280000,0x00000000fed80000)
 ParOldGen       total 566272K, used 383456K [0x00000000c3c00000, 0x00000000e6500000, 0x00000000ebf00000)
  object space 566272K, 67% used [0x00000000c3c00000,0x00000000db278298,0x00000000e6500000)
 Metaspace       used 3826K, capacity 5292K, committed 5504K, reserved 1056768K
  class space    used 463K, capacity 562K, committed 640K, reserved 1048576K
}
Event: 10,191 GC heap before
{Heap before GC invocations=19 (full 5):
 PSYoungGen      total 174592K, used 115926K [0x00000000ebf00000, 0x00000000fed80000, 0x0000000100000000)
  eden space 65024K, 100% used [0x00000000ebf00000,0x00000000efe80000,0x00000000efe80000)
  from space 109568K, 46% used [0x00000000efe80000,0x00000000f3035958,0x00000000f6980000)
  to   space 109568K, 0% used [0x00000000f8280000,0x00000000f8280000,0x00000000fed80000)
 ParOldGen       total 566272K, used 383456K [0x00000000c3c00000, 0x00000000e6500000, 0x00000000ebf00000)
  object space 566272K, 67% used [0x00000000c3c00000,0x00000000db278298,0x00000000e6500000)
 Metaspace       used 3827K, capacity 5292K, committed 5504K, reserved 1056768K
  class space    used 463K, capacity 562K, committed 640K, reserved 1048576K
Event: 10,557 GC heap after
Heap after GC invocations=19 (full 5):
 PSYoungGen      total 189952K, used 51488K [0x00000000ebf00000, 0x00000000fe880000, 0x0000000100000000)
  eden space 85504K, 0% used [0x00000000ebf00000,0x00000000ebf00000,0x00000000f1280000)
  from space 104448K, 49% used [0x00000000f8280000,0x00000000fb4c8000,0x00000000fe880000)
  to   space 109568K, 0% used [0x00000000f1280000,0x00000000f1280000,0x00000000f7d80000)
 ParOldGen       total 566272K, used 434520K [0x00000000c3c00000, 0x00000000e6500000, 0x00000000ebf00000)
  object space 566272K, 76% used [0x00000000c3c00000,0x00000000de456298,0x00000000e6500000)
 Metaspace       used 3827K, capacity 5292K, committed 5504K, reserved 1056768K
  class space    used 463K, capacity 562K, committed 640K, reserved 1048576K
}
Event: 10,619 GC heap before
{Heap before GC invocations=20 (full 5):
 PSYoungGen      total 189952K, used 136992K [0x00000000ebf00000, 0x00000000fe880000, 0x0000000100000000)
  eden space 85504K, 100% used [0x00000000ebf00000,0x00000000f1280000,0x00000000f1280000)
  from space 104448K, 49% used [0x00000000f8280000,0x00000000fb4c8000,0x00000000fe880000)
  to   space 109568K, 0% used [0x00000000f1280000,0x00000000f1280000,0x00000000f7d80000)
 ParOldGen       total 566272K, used 434520K [0x00000000c3c00000, 0x00000000e6500000, 0x00000000ebf00000)
  object space 566272K, 76% used [0x00000000c3c00000,0x00000000de456298,0x00000000e6500000)
 Metaspace       used 3834K, capacity 5292K, committed 5504K, reserved 1056768K
  class space    used 464K, capacity 562K, committed 640K, reserved 1048576K
Event: 10,946 GC heap after
Heap after GC invocations=20 (full 5):
 PSYoungGen      total 195072K, used 67008K [0x00000000ebf00000, 0x0000000100000000, 0x0000000100000000)
  eden space 85504K, 0% used [0x00000000ebf00000,0x00000000ebf00000,0x00000000f1280000)
  from space 109568K, 61% used [0x00000000f1280000,0x00000000f53f0000,0x00000000f7d80000)
  to   space 109568K, 0% used [0x00000000f9500000,0x00000000f9500000,0x0000000100000000)
 ParOldGen       total 566272K, used 486080K [0x00000000c3c00000, 0x00000000e6500000, 0x00000000ebf00000)
  object space 566272K, 85% used [0x00000000c3c00000,0x00000000e16b0298,0x00000000e6500000)
 Metaspace       used 3834K, capacity 5292K, committed 5504K, reserved 1056768K
  class space    used 464K, capacity 562K, committed 640K, reserved 1048576K
}
Event: 11,006 GC heap before
{Heap before GC invocations=21 (full 5):
 PSYoungGen      total 195072K, used 152512K [0x00000000ebf00000, 0x0000000100000000, 0x0000000100000000)
  eden space 85504K, 100% used [0x00000000ebf00000,0x00000000f1280000,0x00000000f1280000)
  from space 109568K, 61% used [0x00000000f1280000,0x00000000f53f0000,0x00000000f7d80000)
  to   space 109568K, 0% used [0x00000000f9500000,0x00000000f9500000,0x0000000100000000)
 ParOldGen       total 566272K, used 486080K [0x00000000c3c00000, 0x00000000e6500000, 0x00000000ebf00000)
  object space 566272K, 85% used [0x00000000c3c00000,0x00000000e16b0298,0x00000000e6500000)
 Metaspace       used 3834K, capacity 5292K, committed 5504K, reserved 1056768K
  class space    used 464K, capacity 562K, committed 640K, reserved 1048576K
Event: 12,212 GC heap after
Heap after GC invocations=21 (full 5):
 PSYoungGen      total 219136K, used 69056K [0x00000000ebf00000, 0x0000000100000000, 0x0000000100000000)
  eden space 109568K, 0% used [0x00000000ebf00000,0x00000000ebf00000,0x00000000f2a00000)
  from space 109568K, 63% used [0x00000000f9500000,0x00000000fd870000,0x0000000100000000)
  to   space 109568K, 0% used [0x00000000f2a00000,0x00000000f2a00000,0x00000000f9500000)
 ParOldGen       total 566272K, used 553184K [0x00000000c3c00000, 0x00000000e6500000, 0x00000000ebf00000)
  object space 566272K, 97% used [0x00000000c3c00000,0x00000000e5838298,0x00000000e6500000)
 Metaspace       used 3834K, capacity 5292K, committed 5504K, reserved 1056768K
  class space    used 464K, capacity 562K, committed 640K, reserved 1048576K
}
Event: 12,345 GC heap before
{Heap before GC invocations=22 (full 6):
 PSYoungGen      total 219136K, used 69056K [0x00000000ebf00000, 0x0000000100000000, 0x0000000100000000)
  eden space 109568K, 0% used [0x00000000ebf00000,0x00000000ebf00000,0x00000000f2a00000)
  from space 109568K, 63% used [0x00000000f9500000,0x00000000fd870000,0x0000000100000000)
  to   space 109568K, 0% used [0x00000000f2a00000,0x00000000f2a00000,0x00000000f9500000)
 ParOldGen       total 566272K, used 553184K [0x00000000c3c00000, 0x00000000e6500000, 0x00000000ebf00000)
  object space 566272K, 97% used [0x00000000c3c00000,0x00000000e5838298,0x00000000e6500000)
 Metaspace       used 3834K, capacity 5292K, committed 5504K, reserved 1056768K
  class space    used 464K, capacity 562K, committed 640K, reserved 1048576K

